Added Component: Designator=C?(0805C)
Add component. Clean all parameters for all variants
Added Component: Designator=C?(0805C)
Add component. Clean all parameters for all variants
Added Component: Designator=C?(0805C)
Add component. Clean all parameters for all variants
Added Component: Designator=C?(0805C)
Add component. Clean all parameters for all variants
Added Pin To Net: NetName=VCC3V Pin=C?-1
Added Pin To Net: NetName=VCC3V Pin=C?-1
Added Pin To Net: NetName=VCC3V Pin=C?-1
Added Pin To Net: NetName=VCC3V Pin=C?-1
Added Pin To Net: NetName=GND Pin=C?-2
Added Pin To Net: NetName=GND Pin=C?-2
Added Pin To Net: NetName=GND Pin=C?-2
Added Pin To Net: NetName=GND Pin=C?-2
Added Member To Class: ClassName=Sheet-aa Member=Component C? 104
Added Member To Class: ClassName=Sheet-aa Member=Component C? 104
Added Member To Class: ClassName=Sheet-aa Member=Component C? 104
Added Member To Class: ClassName=Sheet-aa Member=Component C? 104
